d:\servidores\l2off_interlude\extender\cliext_vc2019\release\l2servers.pch
d:\servidores\l2off_interlude\extender\cliext_vc2019\release\stdafx.obj
d:\servidores\l2off_interlude\extender\cliext_vc2019\release\splash.obj
d:\servidores\l2off_interlude\extender\cliext_vc2019\release\parser.obj
d:\servidores\l2off_interlude\extender\cliext_vc2019\release\packet.obj
d:\servidores\l2off_interlude\extender\cliext_vc2019\release\other.obj
d:\servidores\l2off_interlude\extender\cliext_vc2019\release\nwindow.obj
d:\servidores\l2off_interlude\extender\cliext_vc2019\release\networkhandler.obj
d:\servidores\l2off_interlude\extender\cliext_vc2019\release\memorytools.obj
d:\servidores\l2off_interlude\extender\cliext_vc2019\release\memoryprotector.obj
d:\servidores\l2off_interlude\extender\cliext_vc2019\release\memory.obj
d:\servidores\l2off_interlude\extender\cliext_vc2019\release\md5.obj
d:\servidores\l2off_interlude\extender\cliext_vc2019\release\jobhandler.obj
d:\servidores\l2off_interlude\extender\cliext_vc2019\release\job.obj
d:\servidores\l2off_interlude\extender\cliext_vc2019\release\hwid.obj
d:\servidores\l2off_interlude\extender\cliext_vc2019\release\hook.obj
d:\servidores\l2off_interlude\extender\cliext_vc2019\release\cliext.obj
d:\servidores\l2off_interlude\extender\cliext_vc2019\release\clientsocket.obj
d:\servidores\l2off_interlude\extender\cliext_vc2019\release\antibot.obj
d:\servidores\l2off_interlude\cliente_hb\system\l2servers.lib
d:\servidores\l2off_interlude\cliente_hb\system\l2servers.exp
d:\servidores\l2off_interlude\cliente_hb\system\l2servers.dll
d:\servidores\l2off_interlude\extender\cliext_vc2019\release\cliext.res
d:\servidores\l2off_interlude\extender\cliext_vc2019\release\cliext.dll.intermediate.manifest
d:\servidores\l2off_interlude\extender\cliext_vc2019\release\l2house.dll.intermediate.manifest
d:\servidores\l2off_interlude\extender\cliext_vc2019\release\l2servers.dll.intermediate.manifest
d:\servidores\l2off_interlude\extender\cliext_vc2019\release\cliext.pch
d:\servidores\l2off_interlude\extender\cliext_vc2019\release\l2house.pch
d:\servidores\l2off_interlude\extender\cliext_vc2019\release\vc80.idb
d:\servidores\l2off_interlude\extender\cliext_vc2019\release\l2servers.tlog\cl.command.1.tlog
d:\servidores\l2off_interlude\extender\cliext_vc2019\release\l2servers.tlog\cl.read.1.tlog
d:\servidores\l2off_interlude\extender\cliext_vc2019\release\l2servers.tlog\cl.write.1.tlog
d:\servidores\l2off_interlude\extender\cliext_vc2019\release\l2servers.tlog\l2servers.write.1u.tlog
d:\servidores\l2off_interlude\extender\cliext_vc2019\release\l2servers.tlog\link.command.1.tlog
d:\servidores\l2off_interlude\extender\cliext_vc2019\release\l2servers.tlog\link.delete.1.tlog
d:\servidores\l2off_interlude\extender\cliext_vc2019\release\l2servers.tlog\link.read.1.tlog
d:\servidores\l2off_interlude\extender\cliext_vc2019\release\l2servers.tlog\link.write.1.tlog
d:\servidores\l2off_interlude\extender\cliext_vc2019\release\l2servers.tlog\rc.command.1.tlog
d:\servidores\l2off_interlude\extender\cliext_vc2019\release\l2servers.tlog\rc.read.1.tlog
d:\servidores\l2off_interlude\extender\cliext_vc2019\release\l2servers.tlog\rc.write.1.tlog
